2018-09-11 15:16:28.750  INFO 31904 --- [main] tv.jiaying.actv.ActvApplicationTests     : Starting ActvApplicationTests on DESKTOP-K2M0HI8 with PID 31904 (started by haiyang in E:\workspace\jiaying_seeyun_web\branches\AssetContentForTV)
2018-09-11 15:16:28.757  INFO 31904 --- [main] tv.jiaying.actv.ActvApplicationTests     : No active profile set, falling back to default profiles: default
2018-09-11 15:16:28.812  INFO 31904 --- [main] o.s.w.c.s.GenericWebApplicationContext   : Refreshing org.springframework.web.context.support.GenericWebApplicationContext@66982506: startup date [Tue Sep 11 15:16:28 CST 2018]; root of context hierarchy
2018-09-11 15:16:30.231  INFO 31904 --- [main] o.s.b.f.s.DefaultListableBeanFactory     : Overriding bean definition for bean 'codeInterceptor' with a different definition: replacing [Generic bean: class [tv.jiaying.actv.CodeInterceptor]; scope=singleton; abstract=false; lazyInit=false; autowireMode=0; dependencyCheck=0; autowireCandidate=true; primary=false; factoryBeanName=null; factoryMethodName=null; initMethodName=null; destroyMethodName=null; defined in file [E:\workspace\jiaying_seeyun_web\branches\AssetContentForTV\target\classes\tv\jiaying\actv\CodeInterceptor.class]] with [Root bean: class [null]; scope=; abstract=false; lazyInit=false; autowireMode=3; dependencyCheck=0; autowireCandidate=true; primary=false; factoryBeanName=webMvcConfig; factoryMethodName=codeInterceptor; initMethodName=null; destroyMethodName=(inferred); defined in class path resource [tv/jiaying/actv/WebMvcConfig.class]]
2018-09-11 15:16:31.425  INFO 31904 --- [main] trationDelegate$BeanPostProcessorChecker : Bean 'org.springframework.transaction.annotation.ProxyTransactionManagementConfiguration' of type [org.springframework.transaction.annotation.ProxyTransactionManagementConfiguration$$EnhancerBySpringCGLIB$$76c5c649] is not eligible for getting processed by all BeanPostProcessors (for example: not eligible for auto-proxying)
2018-09-11 15:16:31.798  INFO 31904 --- [main] com.zaxxer.hikari.HikariDataSource       : HikariPool-1 - Starting...
2018-09-11 15:16:32.078  INFO 31904 --- [main] com.zaxxer.hikari.HikariDataSource       : HikariPool-1 - Start completed.
2018-09-11 15:16:32.110  INFO 31904 --- [main] j.LocalContainerEntityManagerFactoryBean : Building JPA container EntityManagerFactory for persistence unit 'master'
2018-09-11 15:16:32.130  INFO 31904 --- [main] o.hibernate.jpa.internal.util.LogHelper  : HHH000204: Processing PersistenceUnitInfo [
	name: master
	...]
2018-09-11 15:16:32.423  INFO 31904 --- [main] org.hibernate.Version                    : HHH000412: Hibernate Core {5.2.17.Final}
2018-09-11 15:16:32.425  INFO 31904 --- [main] org.hibernate.cfg.Environment            : HHH000206: hibernate.properties not found
2018-09-11 15:16:32.530  INFO 31904 --- [main] o.hibernate.annotations.common.Version   : HCANN000001: Hibernate Commons Annotations {5.0.1.Final}
2018-09-11 15:16:32.724  INFO 31904 --- [main] org.hibernate.dialect.Dialect            : HHH000400: Using dialect: org.hibernate.dialect.MySQL57Dialect
2018-09-11 15:16:34.073  INFO 31904 --- [main] j.LocalContainerEntityManagerFactoryBean : Initialized JPA EntityManagerFactory for persistence unit 'master'
2018-09-11 15:16:34.107  INFO 31904 --- [main] com.zaxxer.hikari.HikariDataSource       : HikariPool-2 - Starting...
2018-09-11 15:16:34.133  INFO 31904 --- [main] com.zaxxer.hikari.HikariDataSource       : HikariPool-2 - Start completed.
2018-09-11 15:16:34.137  INFO 31904 --- [main] j.LocalContainerEntityManagerFactoryBean : Building JPA container EntityManagerFactory for persistence unit 'slave'
2018-09-11 15:16:34.137  INFO 31904 --- [main] o.hibernate.jpa.internal.util.LogHelper  : HHH000204: Processing PersistenceUnitInfo [
	name: slave
	...]
2018-09-11 15:16:34.143  INFO 31904 --- [main] org.hibernate.dialect.Dialect            : HHH000400: Using dialect: org.hibernate.dialect.MySQL57Dialect
2018-09-11 15:16:34.330  INFO 31904 --- [main] j.LocalContainerEntityManagerFactoryBean : Initialized JPA EntityManagerFactory for persistence unit 'slave'
2018-09-11 15:16:35.312  INFO 31904 --- [main] s.w.s.m.m.a.RequestMappingHandlerMapping : Mapped "{[/colum/child],methods=[GET]}" onto public tv.jiaying.actv.controller.pojo.ResultBean tv.jiaying.actv.controller.ColumController.getColum(long,java.lang.String,java.lang.String,java.lang.String,int,int)
2018-09-11 15:16:35.314  INFO 31904 --- [main] s.w.s.m.m.a.RequestMappingHandlerMapping : Mapped "{[/colum/detail],methods=[GET]}" onto public tv.jiaying.actv.controller.pojo.ResultBean tv.jiaying.actv.controller.ColumController.getColum(long)
2018-09-11 15:16:35.319  INFO 31904 --- [main] s.w.s.m.m.a.RequestMappingHandlerMapping : Mapped "{[/item/keyword],methods=[GET]}" onto public tv.jiaying.actv.controller.pojo.ResultBean tv.jiaying.actv.controller.ItemController.getSearchResult(java.lang.String,java.lang.String,int,int,java.lang.String,java.lang.String)
2018-09-11 15:16:35.320  INFO 31904 --- [main] s.w.s.m.m.a.RequestMappingHandlerMapping : Mapped "{[/item/detail],methods=[GET]}" onto public tv.jiaying.actv.controller.pojo.ResultBean tv.jiaying.actv.controller.ItemController.getItemInfo(java.lang.String,long)
2018-09-11 15:16:35.321  INFO 31904 --- [main] s.w.s.m.m.a.RequestMappingHandlerMapping : Mapped "{[/order/user],methods=[GET]}" onto public tv.jiaying.actv.controller.pojo.ResultBean tv.jiaying.actv.controller.OrderController.getOrders(java.lang.String,java.lang.String,int,int)
2018-09-11 15:16:35.324  INFO 31904 --- [main] s.w.s.m.m.a.RequestMappingHandlerMapping : Mapped "{[/user/collection/add],methods=[GET]}" onto public tv.jiaying.actv.controller.pojo.ResultBean tv.jiaying.actv.controller.UserController.saveCollection(java.lang.String,java.lang.String,long,tv.jiaying.actv.entity.master.CollectionRecordMaster$Type)
2018-09-11 15:16:35.324  INFO 31904 --- [main] s.w.s.m.m.a.RequestMappingHandlerMapping : Mapped "{[/user/collection/delete],methods=[GET]}" onto public tv.jiaying.actv.controller.pojo.ResultBean tv.jiaying.actv.controller.UserController.deleteCollection(java.lang.String,java.lang.String,long,tv.jiaying.actv.entity.master.CollectionRecordMaster$Type)
2018-09-11 15:16:35.326  INFO 31904 --- [main] s.w.s.m.m.a.RequestMappingHandlerMapping : Mapped "{[/user/collection/exist],methods=[GET]}" onto public tv.jiaying.actv.controller.pojo.ResultBean tv.jiaying.actv.controller.UserController.findOnefromUser(java.lang.String,java.lang.String,long,tv.jiaying.actv.entity.slave.CollectionRecord$Type)
2018-09-11 15:16:35.327  INFO 31904 --- [main] s.w.s.m.m.a.RequestMappingHandlerMapping : Mapped "{[/user/collection],methods=[GET]}" onto public tv.jiaying.actv.controller.pojo.ResultBean tv.jiaying.actv.controller.UserController.getCollections(java.lang.String,java.lang.String,int,int)
2018-09-11 15:16:35.333  INFO 31904 --- [main] s.w.s.m.m.a.RequestMappingHandlerMapping : Mapped "{[/error]}" onto public org.springframework.http.ResponseEntity<java.util.Map<java.lang.String, java.lang.Object>> org.springframework.boot.autoconfigure.web.servlet.error.BasicErrorController.error(javax.servlet.http.HttpServletRequest)
2018-09-11 15:16:35.334  INFO 31904 --- [main] s.w.s.m.m.a.RequestMappingHandlerMapping : Mapped "{[/error],produces=[text/html]}" onto public org.springframework.web.servlet.ModelAndView org.springframework.boot.autoconfigure.web.servlet.error.BasicErrorController.errorHtml(javax.servlet.http.HttpServletRequest,javax.servlet.http.HttpServletResponse)
2018-09-11 15:16:35.450  INFO 31904 --- [main] s.w.s.m.m.a.RequestMappingHandlerAdapter : Looking for @ControllerAdvice: org.springframework.web.context.support.GenericWebApplicationContext@66982506: startup date [Tue Sep 11 15:16:28 CST 2018]; root of context hierarchy
2018-09-11 15:16:36.415  INFO 31904 --- [main] tv.jiaying.actv.ActvApplicationTests     : Started ActvApplicationTests in 8.012 seconds (JVM running for 8.877)
2018-09-11 15:16:36.891  INFO 31904 --- [Thread-2] o.s.w.c.s.GenericWebApplicationContext   : Closing org.springframework.web.context.support.GenericWebApplicationContext@66982506: startup date [Tue Sep 11 15:16:28 CST 2018]; root of context hierarchy
2018-09-11 15:16:36.897  INFO 31904 --- [Thread-2] j.LocalContainerEntityManagerFactoryBean : Closing JPA EntityManagerFactory for persistence unit 'slave'
2018-09-11 15:16:36.898  INFO 31904 --- [Thread-2] com.zaxxer.hikari.HikariDataSource       : HikariPool-2 - Shutdown initiated...
2018-09-11 15:16:36.913  INFO 31904 --- [Thread-2] com.zaxxer.hikari.HikariDataSource       : HikariPool-2 - Shutdown completed.
2018-09-11 15:16:36.915  INFO 31904 --- [Thread-2] j.LocalContainerEntityManagerFactoryBean : Closing JPA EntityManagerFactory for persistence unit 'master'
2018-09-11 15:16:36.916  INFO 31904 --- [Thread-2] com.zaxxer.hikari.HikariDataSource       : HikariPool-1 - Shutdown initiated...
2018-09-11 15:16:36.924  INFO 31904 --- [Thread-2] com.zaxxer.hikari.HikariDataSource       : HikariPool-1 - Shutdown completed.
2018-09-11 17:44:01.926  INFO 912 --- [main] tv.jiaying.actv.ActvApplicationTests     : Starting ActvApplicationTests on DESKTOP-K2M0HI8 with PID 912 (started by haiyang in E:\workspace\jiaying_seeyun_web\branches\AssetContentForTV)
2018-09-11 17:44:01.941  INFO 912 --- [main] tv.jiaying.actv.ActvApplicationTests     : No active profile set, falling back to default profiles: default
2018-09-11 17:44:01.973  INFO 912 --- [main] o.s.w.c.s.GenericWebApplicationContext   : Refreshing org.springframework.web.context.support.GenericWebApplicationContext@5a59ca5e: startup date [Tue Sep 11 17:44:01 CST 2018]; root of context hierarchy
2018-09-11 17:44:02.811  INFO 912 --- [main] o.s.b.f.s.DefaultListableBeanFactory     : Overriding bean definition for bean 'codeInterceptor' with a different definition: replacing [Generic bean: class [tv.jiaying.actv.CodeInterceptor]; scope=singleton; abstract=false; lazyInit=false; autowireMode=0; dependencyCheck=0; autowireCandidate=true; primary=false; factoryBeanName=null; factoryMethodName=null; initMethodName=null; destroyMethodName=null; defined in file [E:\workspace\jiaying_seeyun_web\branches\AssetContentForTV\target\classes\tv\jiaying\actv\CodeInterceptor.class]] with [Root bean: class [null]; scope=; abstract=false; lazyInit=false; autowireMode=3; dependencyCheck=0; autowireCandidate=true; primary=false; factoryBeanName=webMvcConfig; factoryMethodName=codeInterceptor; initMethodName=null; destroyMethodName=(inferred); defined in class path resource [tv/jiaying/actv/WebMvcConfig.class]]
2018-09-11 17:44:03.395  INFO 912 --- [main] trationDelegate$BeanPostProcessorChecker : Bean 'org.springframework.transaction.annotation.ProxyTransactionManagementConfiguration' of type [org.springframework.transaction.annotation.ProxyTransactionManagementConfiguration$$EnhancerBySpringCGLIB$$1b7c5ba6] is not eligible for getting processed by all BeanPostProcessors (for example: not eligible for auto-proxying)
2018-09-11 17:44:03.510  INFO 912 --- [main] com.zaxxer.hikari.HikariDataSource       : HikariPool-1 - Starting...
2018-09-11 17:44:03.744  INFO 912 --- [main] com.zaxxer.hikari.HikariDataSource       : HikariPool-1 - Start completed.
2018-09-11 17:44:03.767  INFO 912 --- [main] j.LocalContainerEntityManagerFactoryBean : Building JPA container EntityManagerFactory for persistence unit 'master'
2018-09-11 17:44:03.784  INFO 912 --- [main] o.hibernate.jpa.internal.util.LogHelper  : HHH000204: Processing PersistenceUnitInfo [
	name: master
	...]
2018-09-11 17:44:03.917  INFO 912 --- [main] org.hibernate.Version                    : HHH000412: Hibernate Core {5.2.17.Final}
2018-09-11 17:44:03.918  INFO 912 --- [main] org.hibernate.cfg.Environment            : HHH000206: hibernate.properties not found
2018-09-11 17:44:03.953  INFO 912 --- [main] o.hibernate.annotations.common.Version   : HCANN000001: Hibernate Commons Annotations {5.0.1.Final}
2018-09-11 17:44:04.072  INFO 912 --- [main] org.hibernate.dialect.Dialect            : HHH000400: Using dialect: org.hibernate.dialect.MySQL57Dialect
2018-09-11 17:44:04.758  INFO 912 --- [main] j.LocalContainerEntityManagerFactoryBean : Initialized JPA EntityManagerFactory for persistence unit 'master'
2018-09-11 17:44:04.773  INFO 912 --- [main] com.zaxxer.hikari.HikariDataSource       : HikariPool-2 - Starting...
2018-09-11 17:44:04.792  INFO 912 --- [main] com.zaxxer.hikari.HikariDataSource       : HikariPool-2 - Start completed.
2018-09-11 17:44:04.800  INFO 912 --- [main] j.LocalContainerEntityManagerFactoryBean : Building JPA container EntityManagerFactory for persistence unit 'slave'
2018-09-11 17:44:04.801  INFO 912 --- [main] o.hibernate.jpa.internal.util.LogHelper  : HHH000204: Processing PersistenceUnitInfo [
	name: slave
	...]
2018-09-11 17:44:04.807  INFO 912 --- [main] org.hibernate.dialect.Dialect            : HHH000400: Using dialect: org.hibernate.dialect.MySQL57Dialect
2018-09-11 17:44:04.981  INFO 912 --- [main] j.LocalContainerEntityManagerFactoryBean : Initialized JPA EntityManagerFactory for persistence unit 'slave'
2018-09-11 17:44:05.880  INFO 912 --- [main] s.w.s.m.m.a.RequestMappingHandlerMapping : Mapped "{[/colum/child],methods=[GET]}" onto public tv.jiaying.actv.controller.pojo.ResultBean tv.jiaying.actv.controller.ColumController.getColum(long,java.lang.String,java.lang.String,java.lang.String,int,int)
2018-09-11 17:44:05.882  INFO 912 --- [main] s.w.s.m.m.a.RequestMappingHandlerMapping : Mapped "{[/colum/detail],methods=[GET]}" onto public tv.jiaying.actv.controller.pojo.ResultBean tv.jiaying.actv.controller.ColumController.getColum(long)
2018-09-11 17:44:05.884  INFO 912 --- [main] s.w.s.m.m.a.RequestMappingHandlerMapping : Mapped "{[/item/detail],methods=[GET]}" onto public tv.jiaying.actv.controller.pojo.ResultBean tv.jiaying.actv.controller.ItemController.getItemInfo(java.lang.String,long)
2018-09-11 17:44:05.884  INFO 912 --- [main] s.w.s.m.m.a.RequestMappingHandlerMapping : Mapped "{[/item/keyword],methods=[GET]}" onto public tv.jiaying.actv.controller.pojo.ResultBean tv.jiaying.actv.controller.ItemController.getSearchResult(java.lang.String,java.lang.String,int,int,java.lang.String,java.lang.String)
2018-09-11 17:44:05.885  INFO 912 --- [main] s.w.s.m.m.a.RequestMappingHandlerMapping : Mapped "{[/order/user],methods=[GET]}" onto public tv.jiaying.actv.controller.pojo.ResultBean tv.jiaying.actv.controller.OrderController.getOrders(java.lang.String,java.lang.String,int,int)
2018-09-11 17:44:05.888  INFO 912 --- [main] s.w.s.m.m.a.RequestMappingHandlerMapping : Mapped "{[/user/collection],methods=[GET]}" onto public tv.jiaying.actv.controller.pojo.ResultBean tv.jiaying.actv.controller.UserController.getCollections(java.lang.String,java.lang.String,int,int)
2018-09-11 17:44:05.889  INFO 912 --- [main] s.w.s.m.m.a.RequestMappingHandlerMapping : Mapped "{[/user/collection/exist],methods=[GET]}" onto public tv.jiaying.actv.controller.pojo.ResultBean tv.jiaying.actv.controller.UserController.findOnefromUser(java.lang.String,java.lang.String,long,tv.jiaying.actv.entity.slave.CollectionRecord$Type)
2018-09-11 17:44:05.889  INFO 912 --- [main] s.w.s.m.m.a.RequestMappingHandlerMapping : Mapped "{[/user/collection/delete],methods=[GET]}" onto public tv.jiaying.actv.controller.pojo.ResultBean tv.jiaying.actv.controller.UserController.deleteCollection(java.lang.String,java.lang.String,long,tv.jiaying.actv.entity.master.CollectionRecordMaster$Type)
2018-09-11 17:44:05.890  INFO 912 --- [main] s.w.s.m.m.a.RequestMappingHandlerMapping : Mapped "{[/user/collection/add],methods=[GET]}" onto public tv.jiaying.actv.controller.pojo.ResultBean tv.jiaying.actv.controller.UserController.saveCollection(java.lang.String,java.lang.String,long,tv.jiaying.actv.entity.master.CollectionRecordMaster$Type)
2018-09-11 17:44:05.895  INFO 912 --- [main] s.w.s.m.m.a.RequestMappingHandlerMapping : Mapped "{[/error]}" onto public org.springframework.http.ResponseEntity<java.util.Map<java.lang.String, java.lang.Object>> org.springframework.boot.autoconfigure.web.servlet.error.BasicErrorController.error(javax.servlet.http.HttpServletRequest)
2018-09-11 17:44:05.898  INFO 912 --- [main] s.w.s.m.m.a.RequestMappingHandlerMapping : Mapped "{[/error],produces=[text/html]}" onto public org.springframework.web.servlet.ModelAndView org.springframework.boot.autoconfigure.web.servlet.error.BasicErrorController.errorHtml(javax.servlet.http.HttpServletRequest,javax.servlet.http.HttpServletResponse)
2018-09-11 17:44:05.992  INFO 912 --- [main] s.w.s.m.m.a.RequestMappingHandlerAdapter : Looking for @ControllerAdvice: org.springframework.web.context.support.GenericWebApplicationContext@5a59ca5e: startup date [Tue Sep 11 17:44:01 CST 2018]; root of context hierarchy
2018-09-11 17:44:06.669  INFO 912 --- [main] tv.jiaying.actv.ActvApplicationTests     : Started ActvApplicationTests in 5.042 seconds (JVM running for 6.115)
2018-09-11 17:44:06.966  INFO 912 --- [Thread-2] o.s.w.c.s.GenericWebApplicationContext   : Closing org.springframework.web.context.support.GenericWebApplicationContext@5a59ca5e: startup date [Tue Sep 11 17:44:01 CST 2018]; root of context hierarchy
2018-09-11 17:44:06.971  INFO 912 --- [Thread-2] j.LocalContainerEntityManagerFactoryBean : Closing JPA EntityManagerFactory for persistence unit 'slave'
2018-09-11 17:44:06.972  INFO 912 --- [Thread-2] com.zaxxer.hikari.HikariDataSource       : HikariPool-2 - Shutdown initiated...
2018-09-11 17:44:06.993  INFO 912 --- [Thread-2] com.zaxxer.hikari.HikariDataSource       : HikariPool-2 - Shutdown completed.
2018-09-11 17:44:06.997  INFO 912 --- [Thread-2] j.LocalContainerEntityManagerFactoryBean : Closing JPA EntityManagerFactory for persistence unit 'master'
2018-09-11 17:44:06.997  INFO 912 --- [Thread-2] com.zaxxer.hikari.HikariDataSource       : HikariPool-1 - Shutdown initiated...
2018-09-11 17:44:07.057  INFO 912 --- [Thread-2] com.zaxxer.hikari.HikariDataSource       : HikariPool-1 - Shutdown completed.
